This file contains any messages produced by compilers while
running configure, to aid debugging if configure makes a mistake.

It was created by libpng configure 1.2.18, which was
generated by GNU Autoconf 2.61.  Invocation command line was

  $ ./configure --disable-dependency-tracking --prefix=/Users/vargol/Source/oxidizer/libpng

## --------- ##
## Platform. ##
## --------- ##

hostname = cpc2-mfld3-0-0-cust488.nott.cable.ntl.com
uname -m = i386
uname -r = 8.10.1
uname -s = Darwin
uname -v = Darwin Kernel Version 8.10.1: Wed May 23 16:33:00 PDT 2007; root:xnu-792.22.5~1/RELEASE_I386

/usr/bin/uname -p = i386
/bin/uname -X     = unknown

/bin/arch              = unknown
/usr/bin/arch -k       = unknown
/usr/convex/getsysinfo = unknown
/usr/bin/hostinfo      = Mach kernel version:
	 Darwin Kernel Version 8.10.1: Wed May 23 16:33:00 PDT 2007; root:xnu-792.22.5~1/RELEASE_I386
Kernel configured for up to 2 processors.
2 processors are physically available.
2 processors are logically available.
Processor type: i486 (Intel 80486)
Processors active: 0 1
Primary memory available: 2.00 gigabytes
Default processor set: 81 tasks, 191 threads, 2 processors
Load average: 1.09, Mach factor: 0.89
/bin/machine           = unknown
/usr/bin/oslevel       = unknown
/bin/universe          = unknown

PATH: /usr/bin
PATH: /bin
PATH: /usr/sbin
PATH: /sbin


## ----------- ##
## Core tests. ##
## ----------- ##

configure:2000: checking for a BSD-compatible install
configure:2056: result: /usr/bin/install -c
configure:2067: checking whether build environment is sane
configure:2110: result: yes
configure:2175: checking for gawk
configure:2205: result: no
configure:2175: checking for mawk
configure:2205: result: no
configure:2175: checking for nawk
configure:2205: result: no
configure:2175: checking for awk
configure:2191: found /usr/bin/awk
configure:2202: result: awk
configure:2213: checking whether make sets $(MAKE)
configure:2234: result: yes
configure:2418: checking whether to enable maintainer-specific portions of Makefiles
configure:2427: result: no
configure:2502: checking for gcc
configure:2518: found /usr/bin/gcc
configure:2529: result: gcc
configure:2767: checking for C compiler version
configure:2774: gcc --version >&5
i686-apple-darwin8-gcc-4.0.1 (GCC) 4.0.1 (Apple Computer, Inc. build 5367)
Copyright (C) 2005 Free Software Foundation, Inc.
This is free software; see the source for copying conditions.  There is NO
warranty; not even for MERCHANTABILITY or FITNESS FOR A PARTICULAR PURPOSE.

configure:2777: $? = 0
configure:2784: gcc -v >&5
Using built-in specs.
Target: i686-apple-darwin8
Configured with: /private/var/tmp/gcc/gcc-5367.obj~1/src/configure --disable-checking -enable-werror --prefix=/usr --mandir=/share/man --enable-languages=c,objc,c++,obj-c++ --program-transform-name=/^[cg][^.-]*$/s/$/-4.0/ --with-gxx-include-dir=/include/c++/4.0.0 --with-slibdir=/usr/lib --build=powerpc-apple-darwin8 --with-arch=nocona --with-tune=generic --program-prefix= --host=i686-apple-darwin8 --target=i686-apple-darwin8
Thread model: posix
gcc version 4.0.1 (Apple Computer, Inc. build 5367)
configure:2787: $? = 0
configure:2794: gcc -V >&5
gcc: argument to `-V' is missing
configure:2797: $? = 1
configure:2820: checking for C compiler default output file name
configure:2847: gcc -O -g -isysroot /Developer/SDKs/MacOSX10.4u.sdk -arch i386 -arch ppc  -arch i386 -arch ppc conftest.c  >&5
configure:2850: $? = 0
configure:2888: result: a.out
configure:2905: checking whether the C compiler works
configure:2915: ./a.out
configure:2918: $? = 0
configure:2935: result: yes
configure:2942: checking whether we are cross compiling
configure:2944: result: no
configure:2947: checking for suffix of executables
configure:2954: gcc -o conftest -O -g -isysroot /Developer/SDKs/MacOSX10.4u.sdk -arch i386 -arch ppc  -arch i386 -arch ppc conftest.c  >&5
configure:2957: $? = 0
configure:2981: result: 
configure:2987: checking for suffix of object files
configure:3013: gcc -c -O -g -isysroot /Developer/SDKs/MacOSX10.4u.sdk -arch i386 -arch ppc  conftest.c >&5
configure:3016: $? = 0
configure:3039: result: o
configure:3043: checking whether we are using the GNU C compiler
configure:3072: gcc -c -O -g -isysroot /Developer/SDKs/MacOSX10.4u.sdk -arch i386 -arch ppc  conftest.c >&5
configure:3078: $? = 0
configure:3095: result: yes
configure:3100: checking whether gcc accepts -g
configure:3130: gcc -c -g  conftest.c >&5
configure:3136: $? = 0
configure:3235: result: yes
configure:3252: checking for gcc option to accept ISO C89
configure:3326: gcc  -c -O -g -isysroot /Developer/SDKs/MacOSX10.4u.sdk -arch i386 -arch ppc  conftest.c >&5
configure:3332: $? = 0
configure:3355: result: none needed
configure:3384: checking for style of include used by make
configure:3412: result: GNU
configure:3440: checking dependency style of gcc
configure:3530: result: none
configure:3547: checking for a sed that does not truncate output
configure:3601: result: /usr/bin/sed
configure:3610: checking build system type
configure:3628: result: i386-apple-darwin8.10.1
configure:3650: checking host system type
configure:3665: result: i386-apple-darwin8.10.1
configure:3687: checking for grep that handles long lines and -e
configure:3761: result: /usr/bin/grep
configure:3766: checking for egrep
configure:3844: result: /usr/bin/grep -E
configure:3860: checking for ld used by gcc
configure:3927: result: /usr/bin/ld
configure:3936: checking if the linker (/usr/bin/ld) is GNU ld
configure:3951: result: no
configure:3961: checking how to run the C preprocessor
configure:4001: gcc -E  conftest.c
configure:4007: $? = 0
configure:4038: gcc -E  conftest.c
conftest.c:10:28: error: ac_nonexistent.h: No such file or directory
configure:4044: $? = 1
configure: failed program was:
| /* confdefs.h.  */
| #define PACKAGE_NAME "libpng"
| #define PACKAGE_TARNAME "libpng"
| #define PACKAGE_VERSION "1.2.18"
| #define PACKAGE_STRING "libpng 1.2.18"
| #define PACKAGE_BUGREPORT "png-mng-implement@lists.sourceforge.net"
| #define PACKAGE "libpng"
| #define VERSION "1.2.18"
| /* end confdefs.h.  */
| #include <ac_nonexistent.h>
configure:4077: result: gcc -E
configure:4106: gcc -E  conftest.c
configure:4112: $? = 0
configure:4143: gcc -E  conftest.c
conftest.c:10:28: error: ac_nonexistent.h: No such file or directory
configure:4149: $? = 1
configure: failed program was:
| /* confdefs.h.  */
| #define PACKAGE_NAME "libpng"
| #define PACKAGE_TARNAME "libpng"
| #define PACKAGE_VERSION "1.2.18"
| #define PACKAGE_STRING "libpng 1.2.18"
| #define PACKAGE_BUGREPORT "png-mng-implement@lists.sourceforge.net"
| #define PACKAGE "libpng"
| #define VERSION "1.2.18"
| /* end confdefs.h.  */
| #include <ac_nonexistent.h>
configure:4229: checking for sed
configure:4256: result: /usr/bin/sed
configure:4295: checking for a BSD-compatible install
configure:4351: result: /usr/bin/install -c
configure:4362: checking whether ln -s works
configure:4366: result: yes
configure:4373: checking whether make sets $(MAKE)
configure:4394: result: yes
configure:4475: checking for /usr/bin/ld option to reload object files
configure:4482: result: -r
configure:4500: checking for BSD-compatible nm
configure:4549: result: /usr/bin/nm -p
configure:4553: checking how to recognise dependent libraries
configure:4729: result: pass_all
configure:4959: checking for ANSI C header files
configure:4989: gcc -c -O -g -isysroot /Developer/SDKs/MacOSX10.4u.sdk -arch i386 -arch ppc  conftest.c >&5
configure:4995: $? = 0
configure:5091: gcc -o conftest -O -g -isysroot /Developer/SDKs/MacOSX10.4u.sdk -arch i386 -arch ppc  -arch i386 -arch ppc conftest.c  >&5
configure:5094: $? = 0
configure:5100: ./conftest
configure:5103: $? = 0
configure:5120: result: yes
configure:5144: checking for sys/types.h
configure:5165: gcc -c -O -g -isysroot /Developer/SDKs/MacOSX10.4u.sdk -arch i386 -arch ppc  conftest.c >&5
configure:5171: $? = 0
configure:5187: result: yes
configure:5144: checking for sys/stat.h
configure:5165: gcc -c -O -g -isysroot /Developer/SDKs/MacOSX10.4u.sdk -arch i386 -arch ppc  conftest.c >&5
configure:5171: $? = 0
configure:5187: result: yes
configure:5144: checking for stdlib.h
configure:5165: gcc -c -O -g -isysroot /Developer/SDKs/MacOSX10.4u.sdk -arch i386 -arch ppc  conftest.c >&5
configure:5171: $? = 0
configure:5187: result: yes
configure:5144: checking for string.h
configure:5165: gcc -c -O -g -isysroot /Developer/SDKs/MacOSX10.4u.sdk -arch i386 -arch ppc  conftest.c >&5
configure:5171: $? = 0
configure:5187: result: yes
configure:5144: checking for memory.h
configure:5165: gcc -c -O -g -isysroot /Developer/SDKs/MacOSX10.4u.sdk -arch i386 -arch ppc  conftest.c >&5
configure:5171: $? = 0
configure:5187: result: yes
configure:5144: checking for strings.h
configure:5165: gcc -c -O -g -isysroot /Developer/SDKs/MacOSX10.4u.sdk -arch i386 -arch ppc  conftest.c >&5
configure:5171: $? = 0
configure:5187: result: yes
configure:5144: checking for inttypes.h
configure:5165: gcc -c -O -g -isysroot /Developer/SDKs/MacOSX10.4u.sdk -arch i386 -arch ppc  conftest.c >&5
configure:5171: $? = 0
configure:5187: result: yes
configure:5144: checking for stdint.h
configure:5165: gcc -c -O -g -isysroot /Developer/SDKs/MacOSX10.4u.sdk -arch i386 -arch ppc  conftest.c >&5
configure:5171: $? = 0
configure:5187: result: yes
configure:5144: checking for unistd.h
configure:5165: gcc -c -O -g -isysroot /Developer/SDKs/MacOSX10.4u.sdk -arch i386 -arch ppc  conftest.c >&5
configure:5171: $? = 0
configure:5187: result: yes
configure:5214: checking dlfcn.h usability
configure:5231: gcc -c -O -g -isysroot /Developer/SDKs/MacOSX10.4u.sdk -arch i386 -arch ppc  conftest.c >&5
configure:5237: $? = 0
configure:5251: result: yes
configure:5255: checking dlfcn.h presence
configure:5270: gcc -E  conftest.c
configure:5276: $? = 0
configure:5290: result: yes
configure:5323: checking for dlfcn.h
configure:5331: result: yes
configure:5402: checking for g++
configure:5418: found /usr/bin/g++
configure:5429: result: g++
configure:5460: checking for C++ compiler version
configure:5467: g++ --version >&5
i686-apple-darwin8-g++-4.0.1 (GCC) 4.0.1 (Apple Computer, Inc. build 5367)
Copyright (C) 2005 Free Software Foundation, Inc.
This is free software; see the source for copying conditions.  There is NO
warranty; not even for MERCHANTABILITY or FITNESS FOR A PARTICULAR PURPOSE.

configure:5470: $? = 0
configure:5477: g++ -v >&5
Using built-in specs.
Target: i686-apple-darwin8
Configured with: /private/var/tmp/gcc/gcc-5367.obj~1/src/configure --disable-checking -enable-werror --prefix=/usr --mandir=/share/man --enable-languages=c,objc,c++,obj-c++ --program-transform-name=/^[cg][^.-]*$/s/$/-4.0/ --with-gxx-include-dir=/include/c++/4.0.0 --with-slibdir=/usr/lib --build=powerpc-apple-darwin8 --with-arch=nocona --with-tune=generic --program-prefix= --host=i686-apple-darwin8 --target=i686-apple-darwin8
Thread model: posix
gcc version 4.0.1 (Apple Computer, Inc. build 5367)
configure:5480: $? = 0
configure:5487: g++ -V >&5
g++: argument to `-V' is missing
configure:5490: $? = 1
configure:5493: checking whether we are using the GNU C++ compiler
configure:5522: g++ -c   conftest.cpp >&5
configure:5528: $? = 0
configure:5545: result: yes
configure:5550: checking whether g++ accepts -g
configure:5580: g++ -c -g  conftest.cpp >&5
configure:5586: $? = 0
configure:5685: result: yes
configure:5710: checking dependency style of g++
configure:5800: result: none
configure:5827: checking how to run the C++ preprocessor
configure:5863: g++ -E  conftest.cpp
configure:5869: $? = 0
configure:5900: g++ -E  conftest.cpp
conftest.cpp:21:28: error: ac_nonexistent.h: No such file or directory
configure:5906: $? = 1
configure: failed program was:
| /* confdefs.h.  */
| #define PACKAGE_NAME "libpng"
| #define PACKAGE_TARNAME "libpng"
| #define PACKAGE_VERSION "1.2.18"
| #define PACKAGE_STRING "libpng 1.2.18"
| #define PACKAGE_BUGREPORT "png-mng-implement@lists.sourceforge.net"
| #define PACKAGE "libpng"
| #define VERSION "1.2.18"
| #define STDC_HEADERS 1
| #define HAVE_SYS_TYPES_H 1
| #define HAVE_SYS_STAT_H 1
| #define HAVE_STDLIB_H 1
| #define HAVE_STRING_H 1
| #define HAVE_MEMORY_H 1
| #define HAVE_STRINGS_H 1
| #define HAVE_INTTYPES_H 1
| #define HAVE_STDINT_H 1
| #define HAVE_UNISTD_H 1
| #define HAVE_DLFCN_H 1
| /* end confdefs.h.  */
| #include <ac_nonexistent.h>
configure:5939: result: g++ -E
configure:5968: g++ -E  conftest.cpp
configure:5974: $? = 0
configure:6005: g++ -E  conftest.cpp
conftest.cpp:21:28: error: ac_nonexistent.h: No such file or directory
configure:6011: $? = 1
configure: failed program was:
| /* confdefs.h.  */
| #define PACKAGE_NAME "libpng"
| #define PACKAGE_TARNAME "libpng"
| #define PACKAGE_VERSION "1.2.18"
| #define PACKAGE_STRING "libpng 1.2.18"
| #define PACKAGE_BUGREPORT "png-mng-implement@lists.sourceforge.net"
| #define PACKAGE "libpng"
| #define VERSION "1.2.18"
| #define STDC_HEADERS 1
| #define HAVE_SYS_TYPES_H 1
| #define HAVE_SYS_STAT_H 1
| #define HAVE_STDLIB_H 1
| #define HAVE_STRING_H 1
| #define HAVE_MEMORY_H 1
| #define HAVE_STRINGS_H 1
| #define HAVE_INTTYPES_H 1
| #define HAVE_STDINT_H 1
| #define HAVE_UNISTD_H 1
| #define HAVE_DLFCN_H 1
| /* end confdefs.h.  */
| #include <ac_nonexistent.h>
configure:6104: checking for g77
configure:6134: result: no
configure:6104: checking for xlf
configure:6134: result: no
configure:6104: checking for f77
configure:6134: result: no
configure:6104: checking for frt
configure:6134: result: no
configure:6104: checking for pgf77
configure:6134: result: no
configure:6104: checking for cf77
configure:6134: result: no
configure:6104: checking for fort77
configure:6134: result: no
configure:6104: checking for fl32
configure:6134: result: no
configure:6104: checking for af77
configure:6134: result: no
configure:6104: checking for xlf90
configure:6134: result: no
configure:6104: checking for f90
configure:6134: result: no
configure:6104: checking for pgf90
configure:6134: result: no
configure:6104: checking for pghpf
configure:6134: result: no
configure:6104: checking for epcf90
configure:6134: result: no
configure:6104: checking for gfortran
configure:6134: result: no
configure:6104: checking for g95
configure:6134: result: no
configure:6104: checking for xlf95
configure:6134: result: no
configure:6104: checking for f95
configure:6134: result: no
configure:6104: checking for fort
configure:6134: result: no
configure:6104: checking for ifort
configure:6134: result: no
configure:6104: checking for ifc
configure:6134: result: no
configure:6104: checking for efc
configure:6134: result: no
configure:6104: checking for pgf95
configure:6134: result: no
configure:6104: checking for lf95
configure:6134: result: no
configure:6104: checking for ftn
configure:6134: result: no
configure:6161: checking for Fortran 77 compiler version
configure:6168:  --version >&5
./configure: line 1: --version: command not found
configure:6171: $? = 127
configure:6178:  -v >&5
./configure: line 1: -v: command not found
configure:6181: $? = 127
configure:6188:  -V >&5
./configure: line 1: -V: command not found
configure:6191: $? = 127
configure:6199: checking whether we are using the GNU Fortran 77 compiler
configure:6218:  -c  conftest.F >&5
./configure: line 1: -c: command not found
configure:6224: $? = 127
configure: failed program was:
|       program main
| #ifndef __GNUC__
|        choke me
| #endif
| 
|       end
configure:6241: result: no
configure:6247: checking whether  accepts -g
configure:6264:  -c -g conftest.f >&5
./configure: line 1: -c: command not found
configure:6270: $? = 127
configure: failed program was:
|       program main
| 
|       end
configure:6286: result: no
configure:6316: checking the maximum length of command line arguments
configure:6425: result: 196608
configure:6436: checking command to parse /usr/bin/nm -p output from gcc object
configure:6541: gcc -c -O -g -isysroot /Developer/SDKs/MacOSX10.4u.sdk -arch i386 -arch ppc  conftest.c >&5
configure:6544: $? = 0
configure:6548: /usr/bin/nm -p conftest.o \| sed -n -e 's/^.*[ 	]\([BCDEGRST][BCDEGRST]*\)[ 	][ 	]*\([_A-Za-z][_A-Za-z0-9]*\)$/\1 \2 \2/p' \> conftest.nm
configure:6551: $? = 0
cannot find nm_test_var in conftest.nm
configure:6541: gcc -c -O -g -isysroot /Developer/SDKs/MacOSX10.4u.sdk -arch i386 -arch ppc  conftest.c >&5
configure:6544: $? = 0
configure:6548: /usr/bin/nm -p conftest.o \| sed -n -e 's/^.*[ 	]\([BCDEGRST][BCDEGRST]*\)[ 	][ 	]*_\([_A-Za-z][_A-Za-z0-9]*\)$/\1 _\2 \2/p' \> conftest.nm
configure:6551: $? = 0
configure:6603: gcc -o conftest -O -g -isysroot /Developer/SDKs/MacOSX10.4u.sdk -arch i386 -arch ppc  -arch i386 -arch ppc conftest.c conftstm.o >&5
configure:6606: $? = 0
configure:6644: result: ok
configure:6648: checking for objdir
configure:6663: result: .libs
configure:6755: checking for ar
configure:6771: found /usr/bin/ar
configure:6782: result: ar
configure:6851: checking for ranlib
configure:6867: found /usr/bin/ranlib
configure:6878: result: ranlib
configure:6947: checking for strip
configure:6963: found /usr/bin/strip
configure:6974: result: strip
configure:7260: checking if gcc supports -fno-rtti -fno-exceptions
configure:7281: gcc -c -O -g -isysroot /Developer/SDKs/MacOSX10.4u.sdk -arch i386 -arch ppc  -fno-rtti -fno-exceptions conftest.c >&5
cc1: warning: command line option "-fno-rtti" is valid for C++/ObjC++ but not for C
cc1: warning: command line option "-fno-rtti" is valid for C++/ObjC++ but not for C
configure:7285: $? = 0
configure:7295: result: no
configure:7310: checking for gcc option to produce PIC
configure:7520: result: -fno-common
configure:7528: checking if gcc PIC flag -fno-common works
configure:7549: gcc -c -O -g -isysroot /Developer/SDKs/MacOSX10.4u.sdk -arch i386 -arch ppc  -fno-common -DPIC conftest.c >&5
configure:7553: $? = 0
configure:7563: result: yes
configure:7591: checking if gcc static flag -static works
configure:7619: result: no
configure:7629: checking if gcc supports -c -o file.o
configure:7653: gcc -c -O -g -isysroot /Developer/SDKs/MacOSX10.4u.sdk -arch i386 -arch ppc  -o out/conftest2.o conftest.c >&5
configure:7657: $? = 0
configure:7676: result: yes
configure:7702: checking whether the gcc linker (/usr/bin/ld) supports shared libraries
configure:8656: result: yes
configure:8723: checking dynamic linker characteristics
configure:9311: result: darwin8.10.1 dyld
configure:9320: checking how to hardcode library paths into programs
configure:9345: result: immediate
configure:9359: checking whether stripping libraries is possible
configure:9372: result: yes
configure:10165: checking if libtool supports shared libraries
configure:10167: result: yes
configure:10170: checking whether to build shared libraries
configure:10191: result: yes
configure:10194: checking whether to build static libraries
configure:10198: result: yes
configure:10290: creating libtool

## ---------------- ##
## Cache variables. ##
## ---------------- ##

ac_cv_build=i386-apple-darwin8.10.1
ac_cv_c_compiler_gnu=yes
ac_cv_cxx_compiler_gnu=yes
ac_cv_env_CCC_set=
ac_cv_env_CCC_value=
ac_cv_env_CC_set=
ac_cv_env_CC_value=
ac_cv_env_CFLAGS_set=set
ac_cv_env_CFLAGS_value='-O -g -isysroot /Developer/SDKs/MacOSX10.4u.sdk -arch i386 -arch ppc'
ac_cv_env_CPPFLAGS_set=
ac_cv_env_CPPFLAGS_value=
ac_cv_env_CPP_set=
ac_cv_env_CPP_value=
ac_cv_env_CXXCPP_set=
ac_cv_env_CXXCPP_value=
ac_cv_env_CXXFLAGS_set=
ac_cv_env_CXXFLAGS_value=
ac_cv_env_CXX_set=
ac_cv_env_CXX_value=
ac_cv_env_F77_set=
ac_cv_env_F77_value=
ac_cv_env_FFLAGS_set=
ac_cv_env_FFLAGS_value=
ac_cv_env_LDFLAGS_set=set
ac_cv_env_LDFLAGS_value='-arch i386 -arch ppc'
ac_cv_env_LIBS_set=
ac_cv_env_LIBS_value=
ac_cv_env_build_alias_set=
ac_cv_env_build_alias_value=
ac_cv_env_host_alias_set=
ac_cv_env_host_alias_value=
ac_cv_env_target_alias_set=
ac_cv_env_target_alias_value=
ac_cv_f77_compiler_gnu=no
ac_cv_header_dlfcn_h=yes
ac_cv_header_inttypes_h=yes
ac_cv_header_memory_h=yes
ac_cv_header_stdc=yes
ac_cv_header_stdint_h=yes
ac_cv_header_stdlib_h=yes
ac_cv_header_string_h=yes
ac_cv_header_strings_h=yes
ac_cv_header_sys_stat_h=yes
ac_cv_header_sys_types_h=yes
ac_cv_header_unistd_h=yes
ac_cv_host=i386-apple-darwin8.10.1
ac_cv_objext=o
ac_cv_path_EGREP='/usr/bin/grep -E'
ac_cv_path_GREP=/usr/bin/grep
ac_cv_path_install='/usr/bin/install -c'
ac_cv_prog_AWK=awk
ac_cv_prog_CPP='gcc -E'
ac_cv_prog_CXXCPP='g++ -E'
ac_cv_prog_ac_ct_AR=ar
ac_cv_prog_ac_ct_CC=gcc
ac_cv_prog_ac_ct_CXX=g++
ac_cv_prog_ac_ct_RANLIB=ranlib
ac_cv_prog_ac_ct_SED=/usr/bin/sed
ac_cv_prog_ac_ct_STRIP=strip
ac_cv_prog_cc_c89=
ac_cv_prog_cc_g=yes
ac_cv_prog_cxx_g=yes
ac_cv_prog_f77_g=no
ac_cv_prog_make_make_set=yes
am_cv_CC_dependencies_compiler_type=none
am_cv_CXX_dependencies_compiler_type=none
lt_cv_deplibs_check_method=pass_all
lt_cv_file_magic_cmd='$MAGIC_CMD'
lt_cv_file_magic_test_file=
lt_cv_ld_reload_flag=-r
lt_cv_objdir=.libs
lt_cv_path_LD=/usr/bin/ld
lt_cv_path_NM='/usr/bin/nm -p'
lt_cv_path_SED=/usr/bin/sed
lt_cv_prog_compiler_c_o=yes
lt_cv_prog_compiler_rtti_exceptions=no
lt_cv_prog_gnu_ld=no
lt_cv_sys_global_symbol_pipe='sed -n -e '\''s/^.*[ 	]\([BCDEGRST][BCDEGRST]*\)[ 	][ 	]*_\([_A-Za-z][_A-Za-z0-9]*\)$/\1 _\2 \2/p'\'''
lt_cv_sys_global_symbol_to_c_name_address='sed -n -e '\''s/^: \([^ ]*\) $/  {\"\1\", (lt_ptr) 0},/p'\'' -e '\''s/^[BCDEGRST] \([^ ]*\) \([^ ]*\)$/  {"\2", (lt_ptr) \&\2},/p'\'''
lt_cv_sys_global_symbol_to_cdecl='sed -n -e '\''s/^. .* \(.*\)$/extern int \1;/p'\'''
lt_cv_sys_max_cmd_len=196608
lt_lt_cv_prog_compiler_c_o='"yes"'
lt_lt_cv_sys_global_symbol_pipe='"sed -n -e '\''s/^.*[ 	]\\([BCDEGRST][BCDEGRST]*\\)[ 	][ 	]*_\\([_A-Za-z][_A-Za-z0-9]*\\)\$/\\1 _\\2 \\2/p'\''"'
lt_lt_cv_sys_global_symbol_to_c_name_address='"sed -n -e '\''s/^: \\([^ ]*\\) \$/  {\\\"\\1\\\", (lt_ptr) 0},/p'\'' -e '\''s/^[BCDEGRST] \\([^ ]*\\) \\([^ ]*\\)\$/  {\"\\2\", (lt_ptr) \\&\\2},/p'\''"'
lt_lt_cv_sys_global_symbol_to_cdecl='"sed -n -e '\''s/^. .* \\(.*\\)\$/extern int \\1;/p'\''"'

## ----------------- ##
## Output variables. ##
## ----------------- ##

ACLOCAL='${SHELL} /Users/vargol/Source/oxidizer/libpng/missing --run aclocal-1.9'
AMDEPBACKSLASH=''
AMDEP_FALSE=''
AMDEP_TRUE='#'
AMTAR='${SHELL} /Users/vargol/Source/oxidizer/libpng/missing --run tar'
AR='ar'
AUTOCONF='${SHELL} /Users/vargol/Source/oxidizer/libpng/missing --run autoconf'
AUTOHEADER='${SHELL} /Users/vargol/Source/oxidizer/libpng/missing --run autoheader'
AUTOMAKE='${SHELL} /Users/vargol/Source/oxidizer/libpng/missing --run automake-1.9'
AWK='awk'
CC='gcc'
CCDEPMODE='depmode=none'
CFLAGS='-O -g -isysroot /Developer/SDKs/MacOSX10.4u.sdk -arch i386 -arch ppc'
CPP='gcc -E'
CPPFLAGS=''
CXX='g++'
CXXCPP='g++ -E'
CXXDEPMODE='depmode=none'
CXXFLAGS='-g -O2'
CYGPATH_W='echo'
DEFS=''
DEPDIR='.deps'
ECHO='echo'
ECHO_C=''
ECHO_N='-n'
ECHO_T=''
EGREP='/usr/bin/grep -E'
EXEEXT=''
F77=''
FFLAGS=''
GREP='/usr/bin/grep'
HAVE_LD_VERSION_SCRIPT_FALSE=''
HAVE_LD_VERSION_SCRIPT_TRUE=''
INSTALL_DATA='${INSTALL} -m 644'
INSTALL_PROGRAM='${INSTALL}'
INSTALL_SCRIPT='${INSTALL}'
INSTALL_STRIP_PROGRAM='${SHELL} $(install_sh) -c -s'
LDFLAGS='-arch i386 -arch ppc'
LIBOBJS=''
LIBPNG_DEFINES=''
LIBPNG_NO_MMX=''
LIBS=''
LIBTOOL=''
LN_S='ln -s'
LTLIBOBJS=''
MAINT='#'
MAINTAINER_MODE_FALSE=''
MAINTAINER_MODE_TRUE='#'
MAKEINFO='${SHELL} /Users/vargol/Source/oxidizer/libpng/missing --run makeinfo'
OBJEXT='o'
PACKAGE='libpng'
PACKAGE_BUGREPORT='png-mng-implement@lists.sourceforge.net'
PACKAGE_NAME='libpng'
PACKAGE_STRING='libpng 1.2.18'
PACKAGE_TARNAME='libpng'
PACKAGE_VERSION='1.2.18'
PATH_SEPARATOR=':'
PNGLIB_MAJOR='1'
PNGLIB_MINOR='2'
PNGLIB_RELEASE='18'
PNGLIB_VERSION='1.2.18'
POW_LIB=''
RANLIB='ranlib'
SED='/usr/bin/sed'
SET_MAKE=''
SHELL='/bin/sh'
STRIP='strip'
VERSION='1.2.18'
ac_ct_CC='gcc'
ac_ct_CXX='g++'
ac_ct_F77=''
am__fastdepCC_FALSE=''
am__fastdepCC_TRUE='#'
am__fastdepCXX_FALSE=''
am__fastdepCXX_TRUE='#'
am__include='include'
am__leading_dot='.'
am__quote=''
am__tar='${AMTAR} chof - "$$tardir"'
am__untar='${AMTAR} xf -'
binconfigs=''
bindir='${exec_prefix}/bin'
build='i386-apple-darwin8.10.1'
build_alias=''
build_cpu='i386'
build_os='darwin8.10.1'
build_vendor='apple'
compatlib=''
datadir='${datarootdir}'
datarootdir='${prefix}/share'
docdir='${datarootdir}/doc/${PACKAGE_TARNAME}'
dvidir='${docdir}'
exec_prefix='NONE'
host='i386-apple-darwin8.10.1'
host_alias=''
host_cpu='i386'
host_os='darwin8.10.1'
host_vendor='apple'
htmldir='${docdir}'
includedir='${prefix}/include'
infodir='${datarootdir}/info'
install_sh='/Users/vargol/Source/oxidizer/libpng/install-sh'
libdir='${exec_prefix}/lib'
libexecdir='${exec_prefix}/libexec'
localedir='${datarootdir}/locale'
localstatedir='${prefix}/var'
mandir='${datarootdir}/man'
mkdir_p='$(mkinstalldirs)'
oldincludedir='/usr/include'
pdfdir='${docdir}'
pkgconfigdir=''
prefix='/Users/vargol/Source/oxidizer/libpng'
program_transform_name='s,x,x,'
psdir='${docdir}'
sbindir='${exec_prefix}/sbin'
sharedstatedir='${prefix}/com'
sysconfdir='${prefix}/etc'
target_alias=''

## ----------- ##
## confdefs.h. ##
## ----------- ##

#define PACKAGE_NAME "libpng"
#define PACKAGE_TARNAME "libpng"
#define PACKAGE_VERSION "1.2.18"
#define PACKAGE_STRING "libpng 1.2.18"
#define PACKAGE_BUGREPORT "png-mng-implement@lists.sourceforge.net"
#define PACKAGE "libpng"
#define VERSION "1.2.18"
#define STDC_HEADERS 1
#define HAVE_SYS_TYPES_H 1
#define HAVE_SYS_STAT_H 1
#define HAVE_STDLIB_H 1
#define HAVE_STRING_H 1
#define HAVE_MEMORY_H 1
#define HAVE_STRINGS_H 1
#define HAVE_INTTYPES_H 1
#define HAVE_STDINT_H 1
#define HAVE_UNISTD_H 1
#define HAVE_DLFCN_H 1

configure: exit 1
