This file contains any messages produced by compilers while
running configure, to aid debugging if configure makes a mistake.

It was created by configure, which was
generated by GNU Autoconf 2.59.  Invocation command line was

  $ ./configure --disable-dependency-tracking --prefix=/Users/vargol/Source/oxidizer/build_folder_for_flam3

## --------- ##
## Platform. ##
## --------- ##

hostname = Macintosh.local
uname -m = i386
uname -r = 9.1.0
uname -s = Darwin
uname -v = Darwin Kernel Version 9.1.0: Wed Oct 31 17:46:22 PDT 2007; root:xnu-1228.0.2~1/RELEASE_I386

/usr/bin/uname -p = i386
/bin/uname -X     = unknown

/bin/arch              = unknown
/usr/bin/arch -k       = unknown
/usr/convex/getsysinfo = unknown
hostinfo               = Mach kernel version:
	 Darwin Kernel Version 9.1.0: Wed Oct 31 17:46:22 PDT 2007; root:xnu-1228.0.2~1/RELEASE_I386
Kernel configured for up to 2 processors.
2 processors are physically available.
2 processors are logically available.
Processor type: i486 (Intel 80486)
Processors active: 0 1
Primary memory available: 2.00 gigabytes
Default processor set: 69 tasks, 258 threads, 2 processors
Load average: 1.55, Mach factor: 0.54
/bin/machine           = unknown
/usr/bin/oslevel       = unknown
/bin/universe          = unknown

PATH: /Developer/usr/bin
PATH: /usr/bin
PATH: /bin
PATH: /usr/sbin
PATH: /sbin


## ----------- ##
## Core tests. ##
## ----------- ##

configure:1349: checking for a BSD-compatible install
configure:1404: result: /usr/bin/install -c
configure:1415: checking whether build environment is sane
configure:1458: result: yes
configure:1491: checking for gawk
configure:1520: result: no
configure:1491: checking for mawk
configure:1520: result: no
configure:1491: checking for nawk
configure:1520: result: no
configure:1491: checking for awk
configure:1507: found /usr/bin/awk
configure:1517: result: awk
configure:1527: checking whether make sets $(MAKE)
configure:1547: result: yes
configure:1738: checking for gcc
configure:1754: found /Developer/usr/bin/gcc
configure:1764: result: gcc
configure:2008: checking for C compiler version
configure:2011: gcc --version </dev/null >&5
i686-apple-darwin9-gcc-4.0.1 (GCC) 4.0.1 (Apple Inc. build 5465)
Copyright (C) 2005 Free Software Foundation, Inc.
This is free software; see the source for copying conditions.  There is NO
warranty; not even for MERCHANTABILITY or FITNESS FOR A PARTICULAR PURPOSE.

configure:2014: $? = 0
configure:2016: gcc -v </dev/null >&5
Using built-in specs.
Target: i686-apple-darwin9
Configured with: /var/tmp/gcc/gcc-5465~16/src/configure --disable-checking -enable-werror --prefix=/usr --mandir=/share/man --enable-languages=c,objc,c++,obj-c++ --program-transform-name=/^[cg][^.-]*$/s/$/-4.0/ --with-gxx-include-dir=/include/c++/4.0.0 --with-slibdir=/usr/lib --build=i686-apple-darwin9 --with-arch=apple --with-tune=generic --host=i686-apple-darwin9 --target=i686-apple-darwin9
Thread model: posix
gcc version 4.0.1 (Apple Inc. build 5465)
configure:2019: $? = 0
configure:2021: gcc -V </dev/null >&5
gcc-4.0: argument to `-V' is missing
configure:2024: $? = 1
configure:2047: checking for C compiler default output file name
configure:2050: gcc -isysroot /Developer/SDKs/MacOSX10.5.sdk -arch ppc -arch i386 -I/Users/vargol/Source/oxidizer/build_folder_for_flam3/include  -arch i386 -arch ppc -L/Users/vargol/Source/oxidizer/build_folder_for_flam3/lib conftest.c  >&5
configure:2053: $? = 0
configure:2099: result: a.out
configure:2104: checking whether the C compiler works
configure:2110: ./a.out
configure:2113: $? = 0
configure:2130: result: yes
configure:2137: checking whether we are cross compiling
configure:2139: result: no
configure:2142: checking for suffix of executables
configure:2144: gcc -o conftest -isysroot /Developer/SDKs/MacOSX10.5.sdk -arch ppc -arch i386 -I/Users/vargol/Source/oxidizer/build_folder_for_flam3/include  -arch i386 -arch ppc -L/Users/vargol/Source/oxidizer/build_folder_for_flam3/lib conftest.c  >&5
configure:2147: $? = 0
configure:2172: result: 
configure:2178: checking for suffix of object files
configure:2199: gcc -c -isysroot /Developer/SDKs/MacOSX10.5.sdk -arch ppc -arch i386 -I/Users/vargol/Source/oxidizer/build_folder_for_flam3/include  conftest.c >&5
configure:2202: $? = 0
configure:2224: result: o
configure:2228: checking whether we are using the GNU C compiler
configure:2252: gcc -c -isysroot /Developer/SDKs/MacOSX10.5.sdk -arch ppc -arch i386 -I/Users/vargol/Source/oxidizer/build_folder_for_flam3/include  conftest.c >&5
configure:2258: $? = 0
configure:2262: test -z 
			 || test ! -s conftest.err
configure:2265: $? = 0
configure:2268: test -s conftest.o
configure:2271: $? = 0
configure:2284: result: yes
configure:2290: checking whether gcc accepts -g
configure:2311: gcc -c -g  conftest.c >&5
configure:2317: $? = 0
configure:2321: test -z 
			 || test ! -s conftest.err
configure:2324: $? = 0
configure:2327: test -s conftest.o
configure:2330: $? = 0
configure:2341: result: yes
configure:2358: checking for gcc option to accept ANSI C
configure:2428: gcc  -c -isysroot /Developer/SDKs/MacOSX10.5.sdk -arch ppc -arch i386 -I/Users/vargol/Source/oxidizer/build_folder_for_flam3/include  conftest.c >&5
configure:2434: $? = 0
configure:2438: test -z 
			 || test ! -s conftest.err
configure:2441: $? = 0
configure:2444: test -s conftest.o
configure:2447: $? = 0
configure:2465: result: none needed
configure:2483: gcc -c -isysroot /Developer/SDKs/MacOSX10.5.sdk -arch ppc -arch i386 -I/Users/vargol/Source/oxidizer/build_folder_for_flam3/include  conftest.c >&5
conftest.c:2: error: syntax error before 'me'
conftest.c:2: error: syntax error before 'me'
lipo: can't figure out the architecture type of: /var/folders/jr/jrWIQ+Ps2RW+t++1YvXpx++++TI/-Tmp-//ccHZFqRo.out
configure:2489: $? = 1
configure: failed program was:
| #ifndef __cplusplus
|   choke me
| #endif
configure:2641: checking for style of include used by make
configure:2669: result: GNU
configure:2697: checking dependency style of gcc
configure:2759: result: none
configure:2777: checking for a BSD-compatible install
configure:2832: result: /usr/bin/install -c
configure:2843: checking whether make sets $(MAKE)
configure:2863: result: yes
configure:2913: checking for ranlib
configure:2929: found /Developer/usr/bin/ranlib
configure:2940: result: ranlib
configure:2958: checking how to run the C preprocessor
configure:2993: gcc -E  conftest.c
configure:2999: $? = 0
configure:3031: gcc -E  conftest.c
conftest.c:11:28: error: ac_nonexistent.h: No such file or directory
configure:3037: $? = 1
configure: failed program was:
| /* confdefs.h.  */
| 
| #define PACKAGE_NAME ""
| #define PACKAGE_TARNAME ""
| #define PACKAGE_VERSION ""
| #define PACKAGE_STRING ""
| #define PACKAGE_BUGREPORT ""
| #define PACKAGE "flam3"
| #define VERSION "2.7.6"
| /* end confdefs.h.  */
| #include <ac_nonexistent.h>
configure:3076: result: gcc -E
configure:3100: gcc -E  conftest.c
configure:3106: $? = 0
configure:3138: gcc -E  conftest.c
conftest.c:11:28: error: ac_nonexistent.h: No such file or directory
configure:3144: $? = 1
configure: failed program was:
| /* confdefs.h.  */
| 
| #define PACKAGE_NAME ""
| #define PACKAGE_TARNAME ""
| #define PACKAGE_VERSION ""
| #define PACKAGE_STRING ""
| #define PACKAGE_BUGREPORT ""
| #define PACKAGE "flam3"
| #define VERSION "2.7.6"
| /* end confdefs.h.  */
| #include <ac_nonexistent.h>
configure:3188: checking for egrep
configure:3198: result: grep -E
configure:3203: checking for ANSI C header files
configure:3228: gcc -c -isysroot /Developer/SDKs/MacOSX10.5.sdk -arch ppc -arch i386 -I/Users/vargol/Source/oxidizer/build_folder_for_flam3/include  conftest.c >&5
configure:3234: $? = 0
configure:3238: test -z 
			 || test ! -s conftest.err
configure:3241: $? = 0
configure:3244: test -s conftest.o
configure:3247: $? = 0
configure:3336: gcc -o conftest -isysroot /Developer/SDKs/MacOSX10.5.sdk -arch ppc -arch i386 -I/Users/vargol/Source/oxidizer/build_folder_for_flam3/include  -arch i386 -arch ppc -L/Users/vargol/Source/oxidizer/build_folder_for_flam3/lib conftest.c  >&5
conftest.c: In function 'main':
conftest.c:28: warning: incompatible implicit declaration of built-in function 'exit'
conftest.c: In function 'main':
conftest.c:28: warning: incompatible implicit declaration of built-in function 'exit'
configure:3339: $? = 0
configure:3341: ./conftest
configure:3344: $? = 0
configure:3359: result: yes
configure:3369: checking for an ANSI C-conforming const
configure:3436: gcc -c -isysroot /Developer/SDKs/MacOSX10.5.sdk -arch ppc -arch i386 -I/Users/vargol/Source/oxidizer/build_folder_for_flam3/include  conftest.c >&5
configure:3442: $? = 0
configure:3446: test -z 
			 || test ! -s conftest.err
configure:3449: $? = 0
configure:3452: test -s conftest.o
configure:3455: $? = 0
configure:3466: result: yes
configure:3490: checking for sys/types.h
configure:3506: gcc -c -isysroot /Developer/SDKs/MacOSX10.5.sdk -arch ppc -arch i386 -I/Users/vargol/Source/oxidizer/build_folder_for_flam3/include  conftest.c >&5
configure:3512: $? = 0
configure:3516: test -z 
			 || test ! -s conftest.err
configure:3519: $? = 0
configure:3522: test -s conftest.o
configure:3525: $? = 0
configure:3536: result: yes
configure:3490: checking for sys/stat.h
configure:3506: gcc -c -isysroot /Developer/SDKs/MacOSX10.5.sdk -arch ppc -arch i386 -I/Users/vargol/Source/oxidizer/build_folder_for_flam3/include  conftest.c >&5
configure:3512: $? = 0
configure:3516: test -z 
			 || test ! -s conftest.err
configure:3519: $? = 0
configure:3522: test -s conftest.o
configure:3525: $? = 0
configure:3536: result: yes
configure:3490: checking for stdlib.h
configure:3506: gcc -c -isysroot /Developer/SDKs/MacOSX10.5.sdk -arch ppc -arch i386 -I/Users/vargol/Source/oxidizer/build_folder_for_flam3/include  conftest.c >&5
configure:3512: $? = 0
configure:3516: test -z 
			 || test ! -s conftest.err
configure:3519: $? = 0
configure:3522: test -s conftest.o
configure:3525: $? = 0
configure:3536: result: yes
configure:3490: checking for string.h
configure:3506: gcc -c -isysroot /Developer/SDKs/MacOSX10.5.sdk -arch ppc -arch i386 -I/Users/vargol/Source/oxidizer/build_folder_for_flam3/include  conftest.c >&5
configure:3512: $? = 0
configure:3516: test -z 
			 || test ! -s conftest.err
configure:3519: $? = 0
configure:3522: test -s conftest.o
configure:3525: $? = 0
configure:3536: result: yes
configure:3490: checking for memory.h
configure:3506: gcc -c -isysroot /Developer/SDKs/MacOSX10.5.sdk -arch ppc -arch i386 -I/Users/vargol/Source/oxidizer/build_folder_for_flam3/include  conftest.c >&5
configure:3512: $? = 0
configure:3516: test -z 
			 || test ! -s conftest.err
configure:3519: $? = 0
configure:3522: test -s conftest.o
configure:3525: $? = 0
configure:3536: result: yes
configure:3490: checking for strings.h
configure:3506: gcc -c -isysroot /Developer/SDKs/MacOSX10.5.sdk -arch ppc -arch i386 -I/Users/vargol/Source/oxidizer/build_folder_for_flam3/include  conftest.c >&5
configure:3512: $? = 0
configure:3516: test -z 
			 || test ! -s conftest.err
configure:3519: $? = 0
configure:3522: test -s conftest.o
configure:3525: $? = 0
configure:3536: result: yes
configure:3490: checking for inttypes.h
configure:3506: gcc -c -isysroot /Developer/SDKs/MacOSX10.5.sdk -arch ppc -arch i386 -I/Users/vargol/Source/oxidizer/build_folder_for_flam3/include  conftest.c >&5
configure:3512: $? = 0
configure:3516: test -z 
			 || test ! -s conftest.err
configure:3519: $? = 0
configure:3522: test -s conftest.o
configure:3525: $? = 0
configure:3536: result: yes
configure:3490: checking for stdint.h
configure:3506: gcc -c -isysroot /Developer/SDKs/MacOSX10.5.sdk -arch ppc -arch i386 -I/Users/vargol/Source/oxidizer/build_folder_for_flam3/include  conftest.c >&5
configure:3512: $? = 0
configure:3516: test -z 
			 || test ! -s conftest.err
configure:3519: $? = 0
configure:3522: test -s conftest.o
configure:3525: $? = 0
configure:3536: result: yes
configure:3490: checking for unistd.h
configure:3506: gcc -c -isysroot /Developer/SDKs/MacOSX10.5.sdk -arch ppc -arch i386 -I/Users/vargol/Source/oxidizer/build_folder_for_flam3/include  conftest.c >&5
configure:3512: $? = 0
configure:3516: test -z 
			 || test ! -s conftest.err
configure:3519: $? = 0
configure:3522: test -s conftest.o
configure:3525: $? = 0
configure:3536: result: yes
configure:3548: checking for size_t
configure:3572: gcc -c -isysroot /Developer/SDKs/MacOSX10.5.sdk -arch ppc -arch i386 -I/Users/vargol/Source/oxidizer/build_folder_for_flam3/include  conftest.c >&5
configure:3578: $? = 0
configure:3582: test -z 
			 || test ! -s conftest.err
configure:3585: $? = 0
configure:3588: test -s conftest.o
configure:3591: $? = 0
configure:3602: result: yes
configure:3614: checking whether time.h and sys/time.h may both be included
configure:3639: gcc -c -isysroot /Developer/SDKs/MacOSX10.5.sdk -arch ppc -arch i386 -I/Users/vargol/Source/oxidizer/build_folder_for_flam3/include  conftest.c >&5
configure:3645: $? = 0
configure:3649: test -z 
			 || test ! -s conftest.err
configure:3652: $? = 0
configure:3655: test -s conftest.o
configure:3658: $? = 0
configure:3669: result: yes
configure:3680: checking for deflateInit_ in -lz
configure:3710: gcc -o conftest -isysroot /Developer/SDKs/MacOSX10.5.sdk -arch ppc -arch i386 -I/Users/vargol/Source/oxidizer/build_folder_for_flam3/include  -arch i386 -arch ppc -L/Users/vargol/Source/oxidizer/build_folder_for_flam3/lib conftest.c -lz   >&5
configure:3716: $? = 0
configure:3720: test -z 
			 || test ! -s conftest.err
configure:3723: $? = 0
configure:3726: test -s conftest
configure:3729: $? = 0
configure:3742: result: yes
configure:3758: checking for png_write_image in -lpng
configure:3788: gcc -o conftest -isysroot /Developer/SDKs/MacOSX10.5.sdk -arch ppc -arch i386 -I/Users/vargol/Source/oxidizer/build_folder_for_flam3/include  -arch i386 -arch ppc -L/Users/vargol/Source/oxidizer/build_folder_for_flam3/lib conftest.c -lpng  -lz  >&5
configure:3794: $? = 0
configure:3798: test -z 
			 || test ! -s conftest.err
configure:3801: $? = 0
configure:3804: test -s conftest
configure:3807: $? = 0
configure:3820: result: yes
configure:3836: checking for xmlParseFile in -lxml2
configure:3866: gcc -o conftest -isysroot /Developer/SDKs/MacOSX10.5.sdk -arch ppc -arch i386 -I/Users/vargol/Source/oxidizer/build_folder_for_flam3/include  -arch i386 -arch ppc -L/Users/vargol/Source/oxidizer/build_folder_for_flam3/lib conftest.c -lxml2  -lpng -lz  >&5
configure:3872: $? = 0
configure:3876: test -z 
			 || test ! -s conftest.err
configure:3879: $? = 0
configure:3882: test -s conftest
configure:3885: $? = 0
configure:3898: result: yes
configure:3920: checking for pthread_create in -lpthread
configure:3950: gcc -o conftest -isysroot /Developer/SDKs/MacOSX10.5.sdk -arch ppc -arch i386 -I/Users/vargol/Source/oxidizer/build_folder_for_flam3/include  -arch i386 -arch ppc -L/Users/vargol/Source/oxidizer/build_folder_for_flam3/lib conftest.c -lpthread  -lxml2 -lpng -lz  >&5
configure:3956: $? = 0
configure:3960: test -z 
			 || test ! -s conftest.err
configure:3963: $? = 0
configure:3966: test -s conftest
configure:3969: $? = 0
configure:3982: result: yes
configure:3998: checking for jpeg_start_compress in -ljpeg
configure:4028: gcc -o conftest -isysroot /Developer/SDKs/MacOSX10.5.sdk -arch ppc -arch i386 -I/Users/vargol/Source/oxidizer/build_folder_for_flam3/include  -arch i386 -arch ppc -L/Users/vargol/Source/oxidizer/build_folder_for_flam3/lib conftest.c -ljpeg  -lpthread -lxml2 -lpng -lz  >&5
configure:4034: $? = 0
configure:4038: test -z 
			 || test ! -s conftest.err
configure:4041: $? = 0
configure:4044: test -s conftest
configure:4047: $? = 0
configure:4060: result: yes
configure:4077: checking for xml2-config
configure:4096: found /usr/bin/xml2-config
configure:4109: result: /usr/bin/xml2-config
configure:4225: creating ./config.status

## ---------------------- ##
## Running config.status. ##
## ---------------------- ##

This file was extended by config.status, which was
generated by GNU Autoconf 2.59.  Invocation command line was

  CONFIG_FILES    = 
  CONFIG_HEADERS  = 
  CONFIG_LINKS    = 
  CONFIG_COMMANDS = 
  $ ./config.status 

on Macintosh.local

config.status:686: creating Makefile
config.status:686: creating flam3.pc
config.status:790: creating config.h
config.status:908: config.h is unchanged
config.status:1072: executing depfiles commands

## ---------------- ##
## Cache variables. ##
## ---------------- ##

ac_cv_c_compiler_gnu=yes
ac_cv_c_const=yes
ac_cv_env_CC_set=
ac_cv_env_CC_value=
ac_cv_env_CFLAGS_set=set
ac_cv_env_CFLAGS_value='-isysroot /Developer/SDKs/MacOSX10.5.sdk -arch ppc -arch i386 -I/Users/vargol/Source/oxidizer/build_folder_for_flam3/include'
ac_cv_env_CPPFLAGS_set=
ac_cv_env_CPPFLAGS_value=
ac_cv_env_CPP_set=
ac_cv_env_CPP_value=
ac_cv_env_LDFLAGS_set=set
ac_cv_env_LDFLAGS_value='-arch i386 -arch ppc -L/Users/vargol/Source/oxidizer/build_folder_for_flam3/lib'
ac_cv_env_build_alias_set=
ac_cv_env_build_alias_value=
ac_cv_env_host_alias_set=
ac_cv_env_host_alias_value=
ac_cv_env_target_alias_set=
ac_cv_env_target_alias_value=
ac_cv_exeext=
ac_cv_header_inttypes_h=yes
ac_cv_header_memory_h=yes
ac_cv_header_stdc=yes
ac_cv_header_stdint_h=yes
ac_cv_header_stdlib_h=yes
ac_cv_header_string_h=yes
ac_cv_header_strings_h=yes
ac_cv_header_sys_stat_h=yes
ac_cv_header_sys_types_h=yes
ac_cv_header_time=yes
ac_cv_header_unistd_h=yes
ac_cv_lib_jpeg_jpeg_start_compress=yes
ac_cv_lib_png_png_write_image=yes
ac_cv_lib_pthread_pthread_create=yes
ac_cv_lib_xml2_xmlParseFile=yes
ac_cv_lib_z_deflateInit_=yes
ac_cv_objext=o
ac_cv_path_XML2_CONFIG=/usr/bin/xml2-config
ac_cv_path_install='/usr/bin/install -c'
ac_cv_prog_AWK=awk
ac_cv_prog_CPP='gcc -E'
ac_cv_prog_ac_ct_CC=gcc
ac_cv_prog_ac_ct_RANLIB=ranlib
ac_cv_prog_cc_g=yes
ac_cv_prog_cc_stdc=
ac_cv_prog_egrep='grep -E'
ac_cv_prog_make_make_set=yes
ac_cv_type_size_t=yes
am_cv_CC_dependencies_compiler_type=none

## ----------------- ##
## Output variables. ##
## ----------------- ##

ACLOCAL='${SHELL} /Users/vargol/Source/oxidizer/flam3/missing --run aclocal-1.6'
AMDEPBACKSLASH=''
AMDEP_FALSE=''
AMDEP_TRUE='#'
AMTAR='${SHELL} /Users/vargol/Source/oxidizer/flam3/missing --run tar'
AUTOCONF='${SHELL} /Users/vargol/Source/oxidizer/flam3/missing --run autoconf'
AUTOHEADER='${SHELL} /Users/vargol/Source/oxidizer/flam3/missing --run autoheader'
AUTOMAKE='${SHELL} /Users/vargol/Source/oxidizer/flam3/missing --run automake-1.6'
AWK='awk'
CC='gcc'
CCDEPMODE='depmode=none'
CFLAGS='-isysroot /Developer/SDKs/MacOSX10.5.sdk -arch ppc -arch i386 -I/Users/vargol/Source/oxidizer/build_folder_for_flam3/include'
CPP='gcc -E'
CPPFLAGS='-I/usr/include/libxml2 '
DEFS='-DHAVE_CONFIG_H'
DEPDIR='.deps'
ECHO_C=''
ECHO_N='-n'
ECHO_T=''
EGREP='grep -E'
EXEEXT=''
INSTALL_DATA='${INSTALL} -m 644'
INSTALL_PROGRAM='${INSTALL}'
INSTALL_SCRIPT='${INSTALL}'
INSTALL_STRIP_PROGRAM='${SHELL} $(install_sh) -c -s'
LDFLAGS='-arch i386 -arch ppc -L/Users/vargol/Source/oxidizer/build_folder_for_flam3/lib'
LIBOBJS=''
LIBS='-ljpeg -lpthread -lxml2 -lpng -lz '
LTLIBOBJS=''
MAKEINFO='${SHELL} /Users/vargol/Source/oxidizer/flam3/missing --run makeinfo'
OBJEXT='o'
PACKAGE='flam3'
PACKAGE_BUGREPORT=''
PACKAGE_NAME=''
PACKAGE_STRING=''
PACKAGE_TARNAME=''
PACKAGE_VERSION=''
PATH_SEPARATOR=':'
RANLIB='ranlib'
SET_MAKE=''
SHELL='/bin/sh'
STRIP=''
VERSION='2.7.6'
XML2_CONFIG='/usr/bin/xml2-config'
ac_ct_CC='gcc'
ac_ct_RANLIB='ranlib'
ac_ct_STRIP=''
am__include='include'
am__quote=''
bindir='${exec_prefix}/bin'
build_alias=''
datadir='${prefix}/share'
exec_prefix='${prefix}'
host_alias=''
includedir='${prefix}/include'
infodir='${prefix}/info'
install_sh='/Users/vargol/Source/oxidizer/flam3/install-sh'
libdir='${exec_prefix}/lib'
libexecdir='${exec_prefix}/libexec'
localstatedir='${prefix}/var'
mandir='${prefix}/man'
oldincludedir='/usr/include'
prefix='/Users/vargol/Source/oxidizer/build_folder_for_flam3'
program_transform_name='s,x,x,'
sbindir='${exec_prefix}/sbin'
sharedstatedir='${prefix}/com'
sysconfdir='${prefix}/etc'
target_alias=''

## ----------- ##
## confdefs.h. ##
## ----------- ##

#define HAVE_INTTYPES_H 1
#define HAVE_LIBJPEG 1
#define HAVE_LIBPNG 1
#define HAVE_LIBPTHREAD 1
#define HAVE_LIBXML2 1
#define HAVE_LIBZ 1
#define HAVE_MEMORY_H 1
#define HAVE_STDINT_H 1
#define HAVE_STDLIB_H 1
#define HAVE_STRINGS_H 1
#define HAVE_STRING_H 1
#define HAVE_SYS_STAT_H 1
#define HAVE_SYS_TYPES_H 1
#define HAVE_UNISTD_H 1
#define PACKAGE "flam3"
#define PACKAGE_BUGREPORT ""
#define PACKAGE_NAME ""
#define PACKAGE_STRING ""
#define PACKAGE_TARNAME ""
#define PACKAGE_VERSION ""
#define STDC_HEADERS 1
#define TIME_WITH_SYS_TIME 1
#define VERSION "2.7.6"

configure: exit 0
